<?xml version="1.0" encoding="UTF-8"?>
<testng-results ignored="0" total="1" passed="0" failed="1" skipped="0">
  <reporter-output>
    <line>
      <![CDATA[TEST [Mobile test - AndroidApp] FAILED at [20:31:57 2024-04-02] - java.net.URISyntaxException: Illegal character in authority at index 9: https://${LT_USERNAME}:${LT_ACCESS_KEY}pAR@mobile-hub.lambdatest.com/wd/hub

io.appium.java_client.AppiumClientConfig.baseUrl(AppiumClientConfig.java:136)
com.zebrunner.carina.webdriver.core.factory.impl.MobileFactory.create(MobileFactory.java:109)
com.zebrunner.carina.webdriver.core.factory.DriverFactory.create(DriverFactory.java:89)
com.zebrunner.carina.webdriver.IDriverPool.createDriver(IDriverPool.java:376)
com.zebrunner.carina.webdriver.IDriverPool.getDriver(IDriverPool.java:122)
com.zebrunner.carina.webdriver.IDriverPool.getDriver(IDriverPool.java:85)
com.zebrunner.carina.webdriver.IDriverPool.getDriver(IDriverPool.java:73)
com.zebrunner.carina.demo.pages.MobileSampleTest.AndroidApp(MobileSampleTest.java:41)
java.base/jdk.internal.reflect.DirectMethodHandleAccessor.invoke(DirectMethodHandleAccessor.java:103)
java.base/java.lang.reflect.Method.invoke(Method.java:580)
org.testng.internal.invokers.MethodInvocationHelper.invokeMethod(MethodInvocationHelper.java:139)
org.testng.internal.invokers.TestInvoker.invokeMethod(TestInvoker.java:664)
org.testng.internal.invokers.TestInvoker.invokeTestMethod(TestInvoker.java:227)
org.testng.internal.invokers.MethodRunner.runInSequence(MethodRunner.java:50)
org.testng.internal.invokers.TestInvoker$MethodInvocationAgent.invoke(TestInvoker.java:957)
org.testng.internal.invokers.TestInvoker.invokeTestMethods(TestInvoker.java:200)
org.testng.internal.invokers.TestMethodWorker.invokeTestMethods(TestMethodWorker.java:148)
org.testng.internal.invokers.TestMethodWorker.run(TestMethodWorker.java:128)
java.base/java.util.concurrent.ThreadPoolExecutor.runWorker(ThreadPoolExecutor.java:1144)
java.base/java.util.concurrent.ThreadPoolExecutor$Worker.run(ThreadPoolExecutor.java:642)
java.base/java.lang.Thread.run(Thread.java:1570)]]>
    </line>
  </reporter-output>
  <suite started-at="2024-04-02T20:31:56 IST" name="Carina Demo Tests - Mobile Sample (Android)" finished-at="2024-04-02T20:31:57 IST" duration-ms="1281">
    <groups>
    </groups>
    <test started-at="2024-04-02T20:31:56 IST" name="Mobile test" finished-at="2024-04-02T20:31:57 IST" duration-ms="1281">
      <class name="com.zebrunner.carina.demo.pages.MobileSampleTest">
        <test-method signature="AndroidApp()[pri:0, instance:com.zebrunner.carina.demo.pages.MobileSampleTest@38e7860c]" started-at="2024-04-02T20:31:56 IST" name="AndroidApp" finished-at="2024-04-02T20:31:57 IST" duration-ms="982" status="FAIL">
          <exception class="java.lang.RuntimeException">
            <message>
              <![CDATA[java.net.URISyntaxException: Illegal character in authority at index 9: https://${LT_USERNAME}:${LT_ACCESS_KEY}pAR@mobile-hub.lambdatest.com/wd/hub]]>
            </message>
            <full-stacktrace>
              <![CDATA[java.lang.RuntimeException: java.net.URISyntaxException: Illegal character in authority at index 9: https://${LT_USERNAME}:${LT_ACCESS_KEY}pAR@mobile-hub.lambdatest.com/wd/hub
at io.appium.java_client.AppiumClientConfig.baseUrl(AppiumClientConfig.java:136)
at com.zebrunner.carina.webdriver.core.factory.impl.MobileFactory.create(MobileFactory.java:109)
at com.zebrunner.carina.webdriver.core.factory.DriverFactory.create(DriverFactory.java:89)
at com.zebrunner.carina.webdriver.IDriverPool.createDriver(IDriverPool.java:376)
at com.zebrunner.carina.webdriver.IDriverPool.getDriver(IDriverPool.java:122)
at com.zebrunner.carina.webdriver.IDriverPool.getDriver(IDriverPool.java:85)
at com.zebrunner.carina.webdriver.IDriverPool.getDriver(IDriverPool.java:73)
at com.zebrunner.carina.demo.pages.MobileSampleTest.AndroidApp(MobileSampleTest.java:41)
at java.base/jdk.internal.reflect.DirectMethodHandleAccessor.invoke(DirectMethodHandleAccessor.java:103)
at java.base/java.lang.reflect.Method.invoke(Method.java:580)
at org.testng.internal.invokers.MethodInvocationHelper.invokeMethod(MethodInvocationHelper.java:139)
at org.testng.internal.invokers.TestInvoker.invokeMethod(TestInvoker.java:664)
at org.testng.internal.invokers.TestInvoker.invokeTestMethod(TestInvoker.java:227)
at org.testng.internal.invokers.MethodRunner.runInSequence(MethodRunner.java:50)
at org.testng.internal.invokers.TestInvoker$MethodInvocationAgent.invoke(TestInvoker.java:957)
at org.testng.internal.invokers.TestInvoker.invokeTestMethods(TestInvoker.java:200)
at org.testng.internal.invokers.TestMethodWorker.invokeTestMethods(TestMethodWorker.java:148)
at org.testng.internal.invokers.TestMethodWorker.run(TestMethodWorker.java:128)
at java.base/java.util.concurrent.ThreadPoolExecutor.runWorker(ThreadPoolExecutor.java:1144)
at java.base/java.util.concurrent.ThreadPoolExecutor$Worker.run(ThreadPoolExecutor.java:642)
at java.base/java.lang.Thread.run(Thread.java:1570)
Caused by: java.net.URISyntaxException: Illegal character in authority at index 9: https://${LT_USERNAME}:${LT_ACCESS_KEY}pAR@mobile-hub.lambdatest.com/wd/hub
at java.base/java.net.URI$Parser.fail(URI.java:2995)
at java.base/java.net.URI$Parser.parseAuthority(URI.java:3344)
at java.base/java.net.URI$Parser.parseHierarchical(URI.java:3240)
at java.base/java.net.URI$Parser.parse(URI.java:3196)
at java.base/java.net.URI.<init>(URI.java:645)
at java.base/java.net.URL.toURI(URL.java:1220)
at io.appium.java_client.AppiumClientConfig.baseUrl(AppiumClientConfig.java:134)
... 20 more
]]>
            </full-stacktrace>
          </exception> <!-- java.lang.RuntimeException -->
          <reporter-output>
            <line>
              <![CDATA[TEST [Mobile test - AndroidApp] FAILED at [20:31:57 2024-04-02] - java.net.URISyntaxException: Illegal character in authority at index 9: https://${LT_USERNAME}:${LT_ACCESS_KEY}pAR@mobile-hub.lambdatest.com/wd/hub

io.appium.java_client.AppiumClientConfig.baseUrl(AppiumClientConfig.java:136)
com.zebrunner.carina.webdriver.core.factory.impl.MobileFactory.create(MobileFactory.java:109)
com.zebrunner.carina.webdriver.core.factory.DriverFactory.create(DriverFactory.java:89)
com.zebrunner.carina.webdriver.IDriverPool.createDriver(IDriverPool.java:376)
com.zebrunner.carina.webdriver.IDriverPool.getDriver(IDriverPool.java:122)
com.zebrunner.carina.webdriver.IDriverPool.getDriver(IDriverPool.java:85)
com.zebrunner.carina.webdriver.IDriverPool.getDriver(IDriverPool.java:73)
com.zebrunner.carina.demo.pages.MobileSampleTest.AndroidApp(MobileSampleTest.java:41)
java.base/jdk.internal.reflect.DirectMethodHandleAccessor.invoke(DirectMethodHandleAccessor.java:103)
java.base/java.lang.reflect.Method.invoke(Method.java:580)
org.testng.internal.invokers.MethodInvocationHelper.invokeMethod(MethodInvocationHelper.java:139)
org.testng.internal.invokers.TestInvoker.invokeMethod(TestInvoker.java:664)
org.testng.internal.invokers.TestInvoker.invokeTestMethod(TestInvoker.java:227)
org.testng.internal.invokers.MethodRunner.runInSequence(MethodRunner.java:50)
org.testng.internal.invokers.TestInvoker$MethodInvocationAgent.invoke(TestInvoker.java:957)
org.testng.internal.invokers.TestInvoker.invokeTestMethods(TestInvoker.java:200)
org.testng.internal.invokers.TestMethodWorker.invokeTestMethods(TestMethodWorker.java:148)
org.testng.internal.invokers.TestMethodWorker.run(TestMethodWorker.java:128)
java.base/java.util.concurrent.ThreadPoolExecutor.runWorker(ThreadPoolExecutor.java:1144)
java.base/java.util.concurrent.ThreadPoolExecutor$Worker.run(ThreadPoolExecutor.java:642)
java.base/java.lang.Thread.run(Thread.java:1570)]]>
            </line>
          </reporter-output>
        </test-method> <!-- AndroidApp -->
        <test-method is-config="true" signature="onCarinaAfterMethod()[pri:0, instance:com.zebrunner.carina.demo.pages.MobileSampleTest@38e7860c]" started-at="2024-04-02T20:31:57 IST" name="onCarinaAfterMethod" finished-at="2024-04-02T20:31:57 IST" duration-ms="18" status="PASS">
          <reporter-output>
          </reporter-output>
        </test-method> <!-- onCarinaAfterMethod -->
      </class> <!-- com.zebrunner.carina.demo.pages.MobileSampleTest -->
    </test> <!-- Mobile test -->
  </suite> <!-- Carina Demo Tests - Mobile Sample (Android) -->
</testng-results>
